<?xml version="1.0" encoding="utf-8" standalone="no"?>
<!--This file represents the results of running a test suite-->
<test-results name="C:\projects\storevil\_build\Examples\Temp.dll" total="12" errors="0" failures="1" not-run="1" inconclusive="0" ignored="1" skipped="0" invalid="0" date="2010-03-28" time="16:50:54">
  <environment nunit-version="2.5.3.9345" clr-version="2.0.50727.3074" os-version="Microsoft Windows NT 6.0.6001 Service Pack 1" platform="Win32NT" cwd="C:\projects\storevil" machine-name="WIN-W6W6JHS2OGB" user="David Foley" user-domain="WIN-W6W6JHS2OGB" />
  <culture-info current-culture="en-US" current-uiculture="en-US" />
  <test-suite name="C:\projects\storevil\_build\Examples\Temp.dll" executed="True" success="False" time="0.516" asserts="0">
    <results>
      <test-suite name="TestNamespace" executed="True" success="False" time="0.500" asserts="0">
        <results>
          <test-suite name="BasicPricing_Specs" executed="True" success="True" time="0.250" asserts="0">
            <results>
              <test-case name="TestNamespace.BasicPricing_Specs.When_customer_orders_a_large_cheese_pizza__Grand_Total_should_be__15" executed="True" success="True" time="0.125" asserts="1" />
              <test-case name="TestNamespace.BasicPricing_Specs.When_Customer_orders_a_large_pizza_with_3_toppings__Grand_Total_should_be__21" executed="True" success="True" time="0.016" asserts="1" />
              <test-case name="TestNamespace.BasicPricing_Specs.When_customer_orders_a_medium_cheese_pizza__Grand_Total_should_be__12" executed="True" success="True" time="0.000" asserts="1" />
              <test-case name="TestNamespace.BasicPricing_Specs.When_Customer_orders_a_medium_pizza_with_3_toppings__Grand_Total_should_be__16_50" executed="True" success="True" time="0.000" asserts="1" />
              <test-case name="TestNamespace.BasicPricing_Specs.When_customer_orders_a_small_cheese_pizza__Grand_Total_should_be__10" executed="True" success="True" time="0.000" asserts="1" />
              <test-case name="TestNamespace.BasicPricing_Specs.When_Customer_orders_a_small_pizza_with_3_toppings__Grand_Total_should_be__13_00" executed="True" success="True" time="0.016" asserts="1" />
            </results>
          </test-suite>
          <test-suite name="Discounts_Specs" executed="True" success="False" time="0.250" asserts="0">
            <results>
              <test-case name="TestNamespace.Discounts_Specs._10__discount_if_ordering_5_or_more_pizzas" executed="True" success="True" time="0.016" asserts="1" />
              <test-case name="TestNamespace.Discounts_Specs.beer_should_be__4" executed="True" success="True" time="0.109" asserts="1" />
              <test-case name="TestNamespace.Discounts_Specs.Example_of_a_failure__pizza_and_beer_special_should_be__6" executed="True" success="False" time="0.094" asserts="1">
                <failure>
                  <message><![CDATA[  Expected: 6m
  But was:  6.5m
]]></message>
                  <stack-trace><![CDATA[at StorEvil.Utility.TestExtensionMethods.ShouldEqual(Object actual, Object expected) in C:\projects\storevil\Core\StorEvil.Assertions\TestExtensionMethods.cs:line 43
at StorEvil.Utility.TestExtensionMethods.ShouldBe(Object actual, Object expected) in C:\projects\storevil\Core\StorEvil.Assertions\TestExtensionMethods.cs:line 54
at TestNamespace.Discounts_Specs.Example_of_a_failure__pizza_and_beer_special_should_be__6() in c:\projects\storevil\_build\Examples\Temp.cs:line 126
]]></stack-trace>
                </failure>
              </test-case>
              <test-case name="TestNamespace.Discounts_Specs.Example_of_a_pending_step" executed="False">
                <reason>
                  <message><![CDATA[Could not interpret: 'and has a superduper discount coupon']]></message>
                </reason>
              </test-case>
              <test-case name="TestNamespace.Discounts_Specs.two_mediums_for_20_bucks_special" executed="True" success="True" time="0.016" asserts="1" />
              <test-case name="TestNamespace.Discounts_Specs.two_slices_and_a_soda_promo____cheese" executed="True" success="True" time="0.000" asserts="1" />
              <test-case name="TestNamespace.Discounts_Specs.two_slices_and_a_soda_promo____combo" executed="True" success="True" time="0.000" asserts="1" />
            </results>
          </test-suite>
        </results>
      </test-suite>
    </results>
  </test-suite>
</test-results>